<?xml version="1.0" encoding="UTF-8"?>
<coverage generated="1692152034787" clover="3.2.0">
  <project timestamp="1692152034787" name="All files">
    <metrics statements="94" coveredstatements="94" conditionals="45" coveredconditionals="45" methods="1" coveredmethods="1" elements="140" coveredelements="140" complexity="0" loc="94" ncloc="94" packages="1" files="1" classes="1"/>
    <file name="caixa-da-lanchonete.js" path="C:\Users\Perillo\Downloads\desafio-lanchonete-2023\src\caixa-da-lanchonete.js">
      <metrics statements="94" coveredstatements="94" conditionals="45" coveredconditionals="45" methods="1" coveredmethods="1"/>
      <line num="1" count="1" type="stmt"/>
      <line num="2" count="1" type="stmt"/>
      <line num="3" count="1" type="cond" truecount="1" falsecount="0"/>
      <line num="4" count="19" type="cond" truecount="3" falsecount="0"/>
      <line num="5" count="1" type="stmt"/>
      <line num="6" count="19" type="cond" truecount="3" falsecount="0"/>
      <line num="7" count="3" type="stmt"/>
      <line num="8" count="18" type="cond" truecount="1" falsecount="0"/>
      <line num="9" count="15" type="stmt"/>
      <line num="10" count="15" type="stmt"/>
      <line num="11" count="15" type="stmt"/>
      <line num="12" count="15" type="stmt"/>
      <line num="13" count="15" type="stmt"/>
      <line num="14" count="15" type="stmt"/>
      <line num="15" count="15" type="stmt"/>
      <line num="16" count="15" type="cond" truecount="1" falsecount="0"/>
      <line num="17" count="27" type="stmt"/>
      <line num="18" count="27" type="cond" truecount="1" falsecount="0"/>
      <line num="19" count="216" type="cond" truecount="1" falsecount="0"/>
      <line num="20" count="191" type="stmt"/>
      <line num="21" count="191" type="stmt"/>
      <line num="22" count="216" type="cond" truecount="1" falsecount="0"/>
      <line num="23" count="2" type="stmt"/>
      <line num="24" count="2" type="cond" truecount="1" falsecount="0"/>
      <line num="25" count="216" type="cond" truecount="1" falsecount="0"/>
      <line num="26" count="80" type="stmt"/>
      <line num="27" count="80" type="cond" truecount="1" falsecount="0"/>
      <line num="28" count="216" type="cond" truecount="1" falsecount="0"/>
      <line num="29" count="48" type="stmt"/>
      <line num="30" count="48" type="cond" truecount="1" falsecount="0"/>
      <line num="31" count="216" type="cond" truecount="1" falsecount="0"/>
      <line num="32" count="25" type="stmt"/>
      <line num="33" count="25" type="stmt"/>
      <line num="34" count="216" type="cond" truecount="1" falsecount="0"/>
      <line num="35" count="27" type="cond" truecount="4" falsecount="0"/>
      <line num="36" count="9" type="stmt"/>
      <line num="37" count="9" type="cond" truecount="2" falsecount="0"/>
      <line num="38" count="2" type="stmt"/>
      <line num="39" count="2" type="cond" truecount="1" falsecount="0"/>
      <line num="40" count="9" type="cond" truecount="1" falsecount="0"/>
      <line num="41" count="1" type="stmt"/>
      <line num="42" count="1" type="cond" truecount="1" falsecount="0"/>
      <line num="43" count="9" type="cond" truecount="1" falsecount="0"/>
      <line num="44" count="6" type="stmt"/>
      <line num="45" count="6" type="stmt"/>
      <line num="46" count="9" type="cond" truecount="1" falsecount="0"/>
      <line num="47" count="27" type="cond" truecount="4" falsecount="0"/>
      <line num="48" count="1" type="stmt"/>
      <line num="49" count="1" type="cond" truecount="1" falsecount="0"/>
      <line num="50" count="22" type="stmt"/>
      <line num="51" count="22" type="cond" truecount="1" falsecount="0"/>
      <line num="52" count="15" type="cond" truecount="1" falsecount="0"/>
      <line num="53" count="1" type="stmt"/>
      <line num="54" count="1" type="cond" truecount="1" falsecount="0"/>
      <line num="55" count="15" type="cond" truecount="2" falsecount="0"/>
      <line num="56" count="1" type="stmt"/>
      <line num="57" count="1" type="cond" truecount="1" falsecount="0"/>
      <line num="58" count="15" type="cond" truecount="1" falsecount="0"/>
      <line num="59" count="2" type="stmt"/>
      <line num="60" count="15" type="cond" truecount="2" falsecount="0"/>
      <line num="61" count="3" type="stmt"/>
      <line num="62" count="3" type="cond" truecount="1" falsecount="0"/>
      <line num="63" count="8" type="stmt"/>
      <line num="64" count="8" type="stmt"/>
      <line num="65" count="19" type="stmt"/>
      <line num="66" count="1" type="stmt"/>
      <line num="67" count="1" type="stmt"/>
      <line num="68" count="1" type="stmt"/>
      <line num="69" count="1" type="stmt"/>
      <line num="70" count="1" type="stmt"/>
      <line num="71" count="1" type="stmt"/>
      <line num="72" count="1" type="stmt"/>
      <line num="73" count="1" type="stmt"/>
      <line num="74" count="1" type="stmt"/>
      <line num="75" count="1" type="stmt"/>
      <line num="76" count="1" type="stmt"/>
      <line num="77" count="1" type="stmt"/>
      <line num="78" count="1" type="stmt"/>
      <line num="79" count="1" type="stmt"/>
      <line num="80" count="1" type="stmt"/>
      <line num="81" count="1" type="stmt"/>
      <line num="82" count="1" type="stmt"/>
      <line num="83" count="1" type="stmt"/>
      <line num="84" count="1" type="stmt"/>
      <line num="85" count="1" type="stmt"/>
      <line num="86" count="1" type="stmt"/>
      <line num="87" count="1" type="stmt"/>
      <line num="88" count="1" type="stmt"/>
      <line num="89" count="1" type="stmt"/>
      <line num="90" count="1" type="stmt"/>
      <line num="91" count="1" type="stmt"/>
      <line num="92" count="1" type="stmt"/>
      <line num="93" count="1" type="stmt"/>
      <line num="94" count="1" type="stmt"/>
    </file>
  </project>
</coverage>
