{"C:\\Users\\Perillo\\Downloads\\desafio-lanchonete-2023\\src\\caixa-da-lanchonete.js": {"path":"C:\\Users\\Perillo\\Downloads\\desafio-lanchonete-2023\\src\\caixa-da-lanchonete.js","all":false,"statementMap":{"0":{"start":{"line":1,"column":0},"end":{"line":1,"column":25}},"1":{"start":{"line":2,"column":0},"end":{"line":2,"column":0}},"2":{"start":{"line":3,"column":0},"end":{"line":3,"column":53}},"3":{"start":{"line":4,"column":0},"end":{"line":4,"column":138}},"4":{"start":{"line":5,"column":0},"end":{"line":5,"column":49}},"5":{"start":{"line":6,"column":0},"end":{"line":6,"column":61}},"6":{"start":{"line":7,"column":0},"end":{"line":7,"column":56}},"7":{"start":{"line":8,"column":0},"end":{"line":8,"column":16}},"8":{"start":{"line":9,"column":0},"end":{"line":9,"column":38}},"9":{"start":{"line":10,"column":0},"end":{"line":10,"column":41}},"10":{"start":{"line":11,"column":0},"end":{"line":11,"column":37}},"11":{"start":{"line":12,"column":0},"end":{"line":12,"column":42}},"12":{"start":{"line":13,"column":0},"end":{"line":13,"column":41}},"13":{"start":{"line":14,"column":0},"end":{"line":14,"column":39}},"14":{"start":{"line":15,"column":0},"end":{"line":15,"column":30}},"15":{"start":{"line":16,"column":0},"end":{"line":16,"column":37}},"16":{"start":{"line":17,"column":0},"end":{"line":17,"column":59}},"17":{"start":{"line":18,"column":0},"end":{"line":18,"column":63}},"18":{"start":{"line":19,"column":0},"end":{"line":19,"column":61}},"19":{"start":{"line":20,"column":0},"end":{"line":20,"column":47}},"20":{"start":{"line":21,"column":0},"end":{"line":21,"column":21}},"21":{"start":{"line":22,"column":0},"end":{"line":22,"column":76}},"22":{"start":{"line":23,"column":0},"end":{"line":23,"column":47}},"23":{"start":{"line":24,"column":0},"end":{"line":24,"column":22}},"24":{"start":{"line":25,"column":0},"end":{"line":25,"column":45}},"25":{"start":{"line":26,"column":0},"end":{"line":26,"column":54}},"26":{"start":{"line":27,"column":0},"end":{"line":27,"column":27}},"27":{"start":{"line":28,"column":0},"end":{"line":28,"column":50}},"28":{"start":{"line":29,"column":0},"end":{"line":29,"column":59}},"29":{"start":{"line":30,"column":0},"end":{"line":30,"column":32}},"30":{"start":{"line":31,"column":0},"end":{"line":31,"column":61}},"31":{"start":{"line":32,"column":0},"end":{"line":32,"column":70}},"32":{"start":{"line":33,"column":0},"end":{"line":33,"column":21}},"33":{"start":{"line":34,"column":0},"end":{"line":34,"column":17}},"34":{"start":{"line":35,"column":0},"end":{"line":35,"column":117}},"35":{"start":{"line":36,"column":0},"end":{"line":36,"column":40}},"36":{"start":{"line":37,"column":0},"end":{"line":37,"column":97}},"37":{"start":{"line":38,"column":0},"end":{"line":38,"column":79}},"38":{"start":{"line":39,"column":0},"end":{"line":39,"column":21}},"39":{"start":{"line":40,"column":0},"end":{"line":40,"column":49}},"40":{"start":{"line":41,"column":0},"end":{"line":41,"column":58}},"41":{"start":{"line":42,"column":0},"end":{"line":42,"column":23}},"42":{"start":{"line":43,"column":0},"end":{"line":43,"column":47}},"43":{"start":{"line":44,"column":0},"end":{"line":44,"column":56}},"44":{"start":{"line":45,"column":0},"end":{"line":45,"column":25}},"45":{"start":{"line":46,"column":0},"end":{"line":46,"column":17}},"46":{"start":{"line":47,"column":0},"end":{"line":47,"column":96}},"47":{"start":{"line":48,"column":0},"end":{"line":48,"column":49}},"48":{"start":{"line":49,"column":0},"end":{"line":49,"column":17}},"49":{"start":{"line":50,"column":0},"end":{"line":50,"column":41}},"50":{"start":{"line":51,"column":0},"end":{"line":51,"column":13}},"51":{"start":{"line":52,"column":0},"end":{"line":52,"column":106}},"52":{"start":{"line":53,"column":0},"end":{"line":53,"column":71}},"53":{"start":{"line":54,"column":0},"end":{"line":54,"column":13}},"54":{"start":{"line":55,"column":0},"end":{"line":55,"column":107}},"55":{"start":{"line":56,"column":0},"end":{"line":56,"column":71}},"56":{"start":{"line":57,"column":0},"end":{"line":57,"column":13}},"57":{"start":{"line":58,"column":0},"end":{"line":58,"column":51}},"58":{"start":{"line":59,"column":0},"end":{"line":59,"column":45}},"59":{"start":{"line":60,"column":0},"end":{"line":60,"column":57}},"60":{"start":{"line":61,"column":0},"end":{"line":61,"column":45}},"61":{"start":{"line":62,"column":0},"end":{"line":62,"column":13}},"62":{"start":{"line":63,"column":0},"end":{"line":63,"column":76}},"63":{"start":{"line":64,"column":0},"end":{"line":64,"column":9}},"64":{"start":{"line":65,"column":0},"end":{"line":65,"column":5}},"65":{"start":{"line":66,"column":0},"end":{"line":66,"column":1}},"66":{"start":{"line":67,"column":0},"end":{"line":67,"column":0}},"67":{"start":{"line":68,"column":0},"end":{"line":68,"column":45}},"68":{"start":{"line":69,"column":0},"end":{"line":69,"column":20}},"69":{"start":{"line":70,"column":0},"end":{"line":70,"column":12}},"70":{"start":{"line":71,"column":0},"end":{"line":71,"column":4}},"71":{"start":{"line":72,"column":0},"end":{"line":72,"column":24}},"72":{"start":{"line":73,"column":0},"end":{"line":73,"column":15}},"73":{"start":{"line":74,"column":0},"end":{"line":74,"column":4}},"74":{"start":{"line":75,"column":0},"end":{"line":75,"column":20}},"75":{"start":{"line":76,"column":0},"end":{"line":76,"column":15}},"76":{"start":{"line":77,"column":0},"end":{"line":77,"column":4}},"77":{"start":{"line":78,"column":0},"end":{"line":78,"column":25}},"78":{"start":{"line":79,"column":0},"end":{"line":79,"column":15}},"79":{"start":{"line":80,"column":0},"end":{"line":80,"column":4}},"80":{"start":{"line":81,"column":0},"end":{"line":81,"column":22}},"81":{"start":{"line":82,"column":0},"end":{"line":82,"column":13}},"82":{"start":{"line":83,"column":0},"end":{"line":83,"column":4}},"83":{"start":{"line":84,"column":0},"end":{"line":84,"column":23}},"84":{"start":{"line":85,"column":0},"end":{"line":85,"column":16}},"85":{"start":{"line":86,"column":0},"end":{"line":86,"column":4}},"86":{"start":{"line":87,"column":0},"end":{"line":87,"column":22}},"87":{"start":{"line":88,"column":0},"end":{"line":88,"column":15}},"88":{"start":{"line":89,"column":0},"end":{"line":89,"column":4}},"89":{"start":{"line":90,"column":0},"end":{"line":90,"column":22}},"90":{"start":{"line":91,"column":0},"end":{"line":91,"column":15}},"91":{"start":{"line":92,"column":0},"end":{"line":92,"column":2}},"92":{"start":{"line":93,"column":0},"end":{"line":93,"column":0}},"93":{"start":{"line":94,"column":0},"end":{"line":94,"column":29}}},"s":{"0":1,"1":1,"2":1,"3":19,"4":1,"5":19,"6":3,"7":18,"8":15,"9":15,"10":15,"11":15,"12":15,"13":15,"14":15,"15":15,"16":27,"17":27,"18":216,"19":191,"20":191,"21":216,"22":2,"23":2,"24":216,"25":80,"26":80,"27":216,"28":48,"29":48,"30":216,"31":25,"32":25,"33":216,"34":27,"35":9,"36":9,"37":2,"38":2,"39":9,"40":1,"41":1,"42":9,"43":6,"44":6,"45":9,"46":27,"47":1,"48":1,"49":22,"50":22,"51":15,"52":1,"53":1,"54":15,"55":1,"56":1,"57":15,"58":2,"59":15,"60":3,"61":3,"62":8,"63":8,"64":19,"65":1,"66":1,"67":1,"68":1,"69":1,"70":1,"71":1,"72":1,"73":1,"74":1,"75":1,"76":1,"77":1,"78":1,"79":1,"80":1,"81":1,"82":1,"83":1,"84":1,"85":1,"86":1,"87":1,"88":1,"89":1,"90":1,"91":1,"92":1,"93":1},"branchMap":{"0":{"type":"branch","line":3,"loc":{"start":{"line":3,"column":4},"end":{"line":65,"column":5}},"locations":[{"start":{"line":3,"column":4},"end":{"line":65,"column":5}}]},"1":{"type":"branch","line":4,"loc":{"start":{"line":4,"column":66},"end":{"line":4,"column":100}},"locations":[{"start":{"line":4,"column":66},"end":{"line":4,"column":100}}]},"2":{"type":"branch","line":4,"loc":{"start":{"line":4,"column":100},"end":{"line":4,"column":135}},"locations":[{"start":{"line":4,"column":100},"end":{"line":4,"column":135}}]},"3":{"type":"branch","line":4,"loc":{"start":{"line":4,"column":137},"end":{"line":6,"column":9}},"locations":[{"start":{"line":4,"column":137},"end":{"line":6,"column":9}}]},"4":{"type":"branch","line":6,"loc":{"start":{"line":6,"column":9},"end":{"line":64,"column":9}},"locations":[{"start":{"line":6,"column":9},"end":{"line":64,"column":9}}]},"5":{"type":"branch","line":6,"loc":{"start":{"line":6,"column":32},"end":{"line":6,"column":58}},"locations":[{"start":{"line":6,"column":32},"end":{"line":6,"column":58}}]},"6":{"type":"branch","line":6,"loc":{"start":{"line":6,"column":60},"end":{"line":8,"column":9}},"locations":[{"start":{"line":6,"column":60},"end":{"line":8,"column":9}}]},"7":{"type":"branch","line":8,"loc":{"start":{"line":8,"column":9},"end":{"line":64,"column":9}},"locations":[{"start":{"line":8,"column":9},"end":{"line":64,"column":9}}]},"8":{"type":"branch","line":16,"loc":{"start":{"line":16,"column":36},"end":{"line":51,"column":13}},"locations":[{"start":{"line":16,"column":36},"end":{"line":51,"column":13}}]},"9":{"type":"branch","line":18,"loc":{"start":{"line":18,"column":62},"end":{"line":34,"column":17}},"locations":[{"start":{"line":18,"column":62},"end":{"line":34,"column":17}}]},"10":{"type":"branch","line":19,"loc":{"start":{"line":19,"column":60},"end":{"line":21,"column":21}},"locations":[{"start":{"line":19,"column":60},"end":{"line":21,"column":21}}]},"11":{"type":"branch","line":22,"loc":{"start":{"line":22,"column":75},"end":{"line":24,"column":22}},"locations":[{"start":{"line":22,"column":75},"end":{"line":24,"column":22}}]},"12":{"type":"branch","line":24,"loc":{"start":{"line":24,"column":20},"end":{"line":25,"column":44}},"locations":[{"start":{"line":24,"column":20},"end":{"line":25,"column":44}}]},"13":{"type":"branch","line":25,"loc":{"start":{"line":25,"column":44},"end":{"line":27,"column":27}},"locations":[{"start":{"line":25,"column":44},"end":{"line":27,"column":27}}]},"14":{"type":"branch","line":27,"loc":{"start":{"line":27,"column":20},"end":{"line":28,"column":49}},"locations":[{"start":{"line":27,"column":20},"end":{"line":28,"column":49}}]},"15":{"type":"branch","line":28,"loc":{"start":{"line":28,"column":49},"end":{"line":30,"column":32}},"locations":[{"start":{"line":28,"column":49},"end":{"line":30,"column":32}}]},"16":{"type":"branch","line":30,"loc":{"start":{"line":30,"column":20},"end":{"line":31,"column":60}},"locations":[{"start":{"line":30,"column":20},"end":{"line":31,"column":60}}]},"17":{"type":"branch","line":31,"loc":{"start":{"line":31,"column":60},"end":{"line":33,"column":21}},"locations":[{"start":{"line":31,"column":60},"end":{"line":33,"column":21}}]},"18":{"type":"branch","line":34,"loc":{"start":{"line":34,"column":16},"end":{"line":35,"column":46}},"locations":[{"start":{"line":34,"column":16},"end":{"line":35,"column":46}}]},"19":{"type":"branch","line":35,"loc":{"start":{"line":35,"column":42},"end":{"line":35,"column":66}},"locations":[{"start":{"line":35,"column":42},"end":{"line":35,"column":66}}]},"20":{"type":"branch","line":35,"loc":{"start":{"line":35,"column":66},"end":{"line":35,"column":90}},"locations":[{"start":{"line":35,"column":66},"end":{"line":35,"column":90}}]},"21":{"type":"branch","line":35,"loc":{"start":{"line":35,"column":90},"end":{"line":35,"column":114}},"locations":[{"start":{"line":35,"column":90},"end":{"line":35,"column":114}}]},"22":{"type":"branch","line":35,"loc":{"start":{"line":35,"column":116},"end":{"line":46,"column":17}},"locations":[{"start":{"line":35,"column":116},"end":{"line":46,"column":17}}]},"23":{"type":"branch","line":37,"loc":{"start":{"line":37,"column":56},"end":{"line":37,"column":94}},"locations":[{"start":{"line":37,"column":56},"end":{"line":37,"column":94}}]},"24":{"type":"branch","line":37,"loc":{"start":{"line":37,"column":96},"end":{"line":39,"column":21}},"locations":[{"start":{"line":37,"column":96},"end":{"line":39,"column":21}}]},"25":{"type":"branch","line":39,"loc":{"start":{"line":39,"column":20},"end":{"line":40,"column":48}},"locations":[{"start":{"line":39,"column":20},"end":{"line":40,"column":48}}]},"26":{"type":"branch","line":40,"loc":{"start":{"line":40,"column":48},"end":{"line":42,"column":23}},"locations":[{"start":{"line":40,"column":48},"end":{"line":42,"column":23}}]},"27":{"type":"branch","line":42,"loc":{"start":{"line":42,"column":20},"end":{"line":43,"column":46}},"locations":[{"start":{"line":42,"column":20},"end":{"line":43,"column":46}}]},"28":{"type":"branch","line":43,"loc":{"start":{"line":43,"column":46},"end":{"line":45,"column":25}},"locations":[{"start":{"line":43,"column":46},"end":{"line":45,"column":25}}]},"29":{"type":"branch","line":46,"loc":{"start":{"line":46,"column":16},"end":{"line":47,"column":39}},"locations":[{"start":{"line":46,"column":16},"end":{"line":47,"column":39}}]},"30":{"type":"branch","line":47,"loc":{"start":{"line":47,"column":35},"end":{"line":47,"column":50}},"locations":[{"start":{"line":47,"column":35},"end":{"line":47,"column":50}}]},"31":{"type":"branch","line":47,"loc":{"start":{"line":47,"column":50},"end":{"line":47,"column":72}},"locations":[{"start":{"line":47,"column":50},"end":{"line":47,"column":72}}]},"32":{"type":"branch","line":47,"loc":{"start":{"line":47,"column":72},"end":{"line":47,"column":93}},"locations":[{"start":{"line":47,"column":72},"end":{"line":47,"column":93}}]},"33":{"type":"branch","line":47,"loc":{"start":{"line":47,"column":95},"end":{"line":49,"column":17}},"locations":[{"start":{"line":47,"column":95},"end":{"line":49,"column":17}}]},"34":{"type":"branch","line":49,"loc":{"start":{"line":49,"column":16},"end":{"line":51,"column":13}},"locations":[{"start":{"line":49,"column":16},"end":{"line":51,"column":13}}]},"35":{"type":"branch","line":51,"loc":{"start":{"line":51,"column":12},"end":{"line":52,"column":103}},"locations":[{"start":{"line":51,"column":12},"end":{"line":52,"column":103}}]},"36":{"type":"branch","line":52,"loc":{"start":{"line":52,"column":105},"end":{"line":54,"column":13}},"locations":[{"start":{"line":52,"column":105},"end":{"line":54,"column":13}}]},"37":{"type":"branch","line":54,"loc":{"start":{"line":54,"column":12},"end":{"line":55,"column":76}},"locations":[{"start":{"line":54,"column":12},"end":{"line":55,"column":76}}]},"38":{"type":"branch","line":55,"loc":{"start":{"line":55,"column":72},"end":{"line":55,"column":104}},"locations":[{"start":{"line":55,"column":72},"end":{"line":55,"column":104}}]},"39":{"type":"branch","line":55,"loc":{"start":{"line":55,"column":106},"end":{"line":57,"column":13}},"locations":[{"start":{"line":55,"column":106},"end":{"line":57,"column":13}}]},"40":{"type":"branch","line":57,"loc":{"start":{"line":57,"column":12},"end":{"line":58,"column":50}},"locations":[{"start":{"line":57,"column":12},"end":{"line":58,"column":50}}]},"41":{"type":"branch","line":58,"loc":{"start":{"line":58,"column":50},"end":{"line":60,"column":13}},"locations":[{"start":{"line":58,"column":50},"end":{"line":60,"column":13}}]},"42":{"type":"branch","line":60,"loc":{"start":{"line":60,"column":13},"end":{"line":62,"column":13}},"locations":[{"start":{"line":60,"column":13},"end":{"line":62,"column":13}}]},"43":{"type":"branch","line":60,"loc":{"start":{"line":60,"column":56},"end":{"line":62,"column":13}},"locations":[{"start":{"line":60,"column":56},"end":{"line":62,"column":13}}]},"44":{"type":"branch","line":62,"loc":{"start":{"line":62,"column":12},"end":{"line":64,"column":9}},"locations":[{"start":{"line":62,"column":12},"end":{"line":64,"column":9}}]}},"b":{"0":[19],"1":[14],"2":[8],"3":[1],"4":[18],"5":[15],"6":[3],"7":[15],"8":[27],"9":[216],"10":[191],"11":[2],"12":[214],"13":[80],"14":[214],"15":[48],"16":[214],"17":[25],"18":[25],"19":[23],"20":[16],"21":[16],"22":[9],"23":[8],"24":[2],"25":[7],"26":[1],"27":[7],"28":[6],"29":[23],"30":[22],"31":[22],"32":[22],"33":[1],"34":[22],"35":[10],"36":[1],"37":[9],"38":[4],"39":[1],"40":[8],"41":[2],"42":[6],"43":[3],"44":[8]},"fnMap":{"0":{"name":"calcularValorDaCompra","decl":{"start":{"line":3,"column":4},"end":{"line":65,"column":5}},"loc":{"start":{"line":3,"column":4},"end":{"line":65,"column":5}},"line":3}},"f":{"0":19}}
}
