TN:
SF:src\caixa-da-lanchonete.js
FN:3,calcularValorDaCompra
FNF:1
FNH:1
FNDA:19,calcularValorDaCompra
DA:1,1
DA:2,1
DA:3,1
DA:4,19
DA:5,1
DA:6,19
DA:7,3
DA:8,18
DA:9,15
DA:10,15
DA:11,15
DA:12,15
DA:13,15
DA:14,15
DA:15,15
DA:16,15
DA:17,27
DA:18,27
DA:19,216
DA:20,191
DA:21,191
DA:22,216
DA:23,2
DA:24,2
DA:25,216
DA:26,80
DA:27,80
DA:28,216
DA:29,48
DA:30,48
DA:31,216
DA:32,25
DA:33,25
DA:34,216
DA:35,27
DA:36,9
DA:37,9
DA:38,2
DA:39,2
DA:40,9
DA:41,1
DA:42,1
DA:43,9
DA:44,6
DA:45,6
DA:46,9
DA:47,27
DA:48,1
DA:49,1
DA:50,22
DA:51,22
DA:52,15
DA:53,1
DA:54,1
DA:55,15
DA:56,1
DA:57,1
DA:58,15
DA:59,2
DA:60,15
DA:61,3
DA:62,3
DA:63,8
DA:64,8
DA:65,19
DA:66,1
DA:67,1
DA:68,1
DA:69,1
DA:70,1
DA:71,1
DA:72,1
DA:73,1
DA:74,1
DA:75,1
DA:76,1
DA:77,1
DA:78,1
DA:79,1
DA:80,1
DA:81,1
DA:82,1
DA:83,1
DA:84,1
DA:85,1
DA:86,1
DA:87,1
DA:88,1
DA:89,1
DA:90,1
DA:91,1
DA:92,1
DA:93,1
DA:94,1
LF:94
LH:94
BRDA:3,0,0,19
BRDA:4,1,0,14
BRDA:4,2,0,8
BRDA:4,3,0,1
BRDA:6,4,0,18
BRDA:6,5,0,15
BRDA:6,6,0,3
BRDA:8,7,0,15
BRDA:16,8,0,27
BRDA:18,9,0,216
BRDA:19,10,0,191
BRDA:22,11,0,2
BRDA:24,12,0,214
BRDA:25,13,0,80
BRDA:27,14,0,214
BRDA:28,15,0,48
BRDA:30,16,0,214
BRDA:31,17,0,25
BRDA:34,18,0,25
BRDA:35,19,0,23
BRDA:35,20,0,16
BRDA:35,21,0,16
BRDA:35,22,0,9
BRDA:37,23,0,8
BRDA:37,24,0,2
BRDA:39,25,0,7
BRDA:40,26,0,1
BRDA:42,27,0,7
BRDA:43,28,0,6
BRDA:46,29,0,23
BRDA:47,30,0,22
BRDA:47,31,0,22
BRDA:47,32,0,22
BRDA:47,33,0,1
BRDA:49,34,0,22
BRDA:51,35,0,10
BRDA:52,36,0,1
BRDA:54,37,0,9
BRDA:55,38,0,4
BRDA:55,39,0,1
BRDA:57,40,0,8
BRDA:58,41,0,2
BRDA:60,42,0,6
BRDA:60,43,0,3
BRDA:62,44,0,8
BRF:45
BRH:45
end_of_record
